<?xml version="1.0" encoding="UTF-8"?>
<coverage generated="1623056437067" clover="3.2.0">
  <project timestamp="1623056437067" name="All files">
    <metrics statements="22" coveredstatements="22" conditionals="6" coveredconditionals="6" methods="9" coveredmethods="9" elements="37" coveredelements="37" complexity="0" loc="22" ncloc="22" packages="2" files="5" classes="5"/>
    <package name="helpers">
      <metrics statements="19" coveredstatements="19" conditionals="6" coveredconditionals="6" methods="9" coveredmethods="9"/>
      <file name="filter-courses.tsx" path="/Users/akenar/Documents/assignments/WeHorseTSAssignment/app/helpers/filter-courses.tsx">
        <metrics statements="3" coveredstatements="3" conditionals="0" coveredconditionals="0" methods="2" coveredmethods="2"/>
        <line num="5" count="1" type="stmt"/>
        <line num="6" count="2" type="stmt"/>
        <line num="7" count="2" type="stmt"/>
      </file>
      <file name="unique-values.tsx" path="/Users/akenar/Documents/assignments/WeHorseTSAssignment/app/helpers/unique-values.tsx">
        <metrics statements="8" coveredstatements="8" conditionals="2" coveredconditionals="2" methods="4" coveredmethods="4"/>
        <line num="3" count="1" type="stmt"/>
        <line num="4" count="1" type="stmt"/>
        <line num="5" count="1" type="stmt"/>
        <line num="6" count="1" type="stmt"/>
        <line num="7" count="1" type="cond" truecount="2" falsecount="0"/>
        <line num="9" count="1" type="stmt"/>
        <line num="12" count="1" type="stmt"/>
        <line num="13" count="3" type="stmt"/>
      </file>
      <file name="user-info.tsx" path="/Users/akenar/Documents/assignments/WeHorseTSAssignment/app/helpers/user-info.tsx">
        <metrics statements="6" coveredstatements="6" conditionals="4" coveredconditionals="4" methods="2" coveredmethods="2"/>
        <line num="3" count="1" type="stmt"/>
        <line num="4" count="2" type="stmt"/>
        <line num="5" count="2" type="stmt"/>
        <line num="11" count="1" type="stmt"/>
        <line num="12" count="2" type="stmt"/>
        <line num="13" count="2" type="cond" truecount="2" falsecount="0"/>
      </file>
      <file name="video-list.tsx" path="/Users/akenar/Documents/assignments/WeHorseTSAssignment/app/helpers/video-list.tsx">
        <metrics statements="2" coveredstatements="2" conditionals="0" coveredconditionals="0" methods="1" coveredmethods="1"/>
        <line num="1" count="1" type="stmt"/>
        <line num="2" count="4" type="stmt"/>
      </file>
    </package>
    <package name="mock">
      <metrics statements="3" coveredstatements="3" conditionals="0" coveredconditionals="0" methods="0" coveredmethods="0"/>
      <file name="mock-data.tsx" path="/Users/akenar/Documents/assignments/WeHorseTSAssignment/app/mock/mock-data.tsx">
        <metrics statements="3" coveredstatements="3" conditionals="0" coveredconditionals="0" methods="0" coveredmethods="0"/>
        <line num="3" count="3" type="stmt"/>
        <line num="35" count="3" type="stmt"/>
        <line num="57" count="3" type="stmt"/>
      </file>
    </package>
  </project>
</coverage>
