<?xml version="1.0" encoding="UTF-8"?>
<coverage generated="1622982946881" clover="3.2.0">
  <project timestamp="1622982946881" name="All files">
    <metrics statements="10" coveredstatements="10" conditionals="2" coveredconditionals="2" methods="5" coveredmethods="5" elements="17" coveredelements="17" complexity="0" loc="10" ncloc="10" packages="1" files="2" classes="2"/>
    <file name="unique-values.tsx" path="/Users/akenar/Documents/assignments/WeHorseTSAssignment/app/helpers/unique-values.tsx">
      <metrics statements="8" coveredstatements="8" conditionals="2" coveredconditionals="2" methods="4" coveredmethods="4"/>
      <line num="3" count="1" type="stmt"/>
      <line num="4" count="1" type="stmt"/>
      <line num="5" count="1" type="stmt"/>
      <line num="6" count="1" type="stmt"/>
      <line num="7" count="1" type="cond" truecount="2" falsecount="0"/>
      <line num="9" count="1" type="stmt"/>
      <line num="12" count="1" type="stmt"/>
      <line num="13" count="3" type="stmt"/>
    </file>
    <file name="video-list.tsx" path="/Users/akenar/Documents/assignments/WeHorseTSAssignment/app/helpers/video-list.tsx">
      <metrics statements="2" coveredstatements="2" conditionals="0" coveredconditionals="0" methods="1" coveredmethods="1"/>
      <line num="1" count="1" type="stmt"/>
      <line num="2" count="4" type="stmt"/>
    </file>
  </project>
</coverage>
