{"/Users/akenar/Documents/assignments/WeHorseTSAssignment/app/helpers/filter-courses.tsx": {"path":"/Users/akenar/Documents/assignments/WeHorseTSAssignment/app/helpers/filter-courses.tsx","statementMap":{"0":{"start":{"line":5,"column":29},"end":{"line":9,"column":1}},"1":{"start":{"line":6,"column":2},"end":{"line":8,"column":4}},"2":{"start":{"line":7,"column":12},"end":{"line":7,"column":71}}},"fnMap":{"0":{"name":"(anonymous_0)","decl":{"start":{"line":5,"column":29},"end":{"line":5,"column":30}},"loc":{"start":{"line":5,"column":78},"end":{"line":9,"column":1}},"line":5},"1":{"name":"(anonymous_1)","decl":{"start":{"line":7,"column":4},"end":{"line":7,"column":5}},"loc":{"start":{"line":7,"column":12},"end":{"line":7,"column":71}},"line":7}},"branchMap":{},"s":{"0":1,"1":2,"2":2},"f":{"0":2,"1":2},"b":{},"_coverageSchema":"1a1c01bbd47fc00a2c39e90264f33305004495a9","hash":"f2ac30192108965c726bc3a85d9941701e43f003"}
,"/Users/akenar/Documents/assignments/WeHorseTSAssignment/app/helpers/unique-values.tsx": {"path":"/Users/akenar/Documents/assignments/WeHorseTSAssignment/app/helpers/unique-values.tsx","statementMap":{"0":{"start":{"line":3,"column":31},"end":{"line":10,"column":1}},"1":{"start":{"line":4,"column":32},"end":{"line":4,"column":34}},"2":{"start":{"line":5,"column":2},"end":{"line":8,"column":5}},"3":{"start":{"line":6,"column":20},"end":{"line":6,"column":47}},"4":{"start":{"line":7,"column":4},"end":{"line":7,"column":53}},"5":{"start":{"line":9,"column":2},"end":{"line":9,"column":16}},"6":{"start":{"line":12,"column":22},"end":{"line":14,"column":1}},"7":{"start":{"line":13,"column":2},"end":{"line":13,"column":76}},"8":{"start":{"line":13,"column":23},"end":{"line":13,"column":74}}},"fnMap":{"0":{"name":"(anonymous_0)","decl":{"start":{"line":3,"column":31},"end":{"line":3,"column":32}},"loc":{"start":{"line":3,"column":59},"end":{"line":10,"column":1}},"line":3},"1":{"name":"(anonymous_1)","decl":{"start":{"line":5,"column":10},"end":{"line":5,"column":11}},"loc":{"start":{"line":5,"column":37},"end":{"line":8,"column":3}},"line":5},"2":{"name":"(anonymous_2)","decl":{"start":{"line":12,"column":22},"end":{"line":12,"column":23}},"loc":{"start":{"line":12,"column":71},"end":{"line":14,"column":1}},"line":12},"3":{"name":"(anonymous_3)","decl":{"start":{"line":13,"column":18},"end":{"line":13,"column":19}},"loc":{"start":{"line":13,"column":23},"end":{"line":13,"column":74}},"line":13}},"branchMap":{"0":{"loc":{"start":{"line":7,"column":4},"end":{"line":7,"column":52}},"type":"binary-expr","locations":[{"start":{"line":7,"column":4},"end":{"line":7,"column":12}},{"start":{"line":7,"column":16},"end":{"line":7,"column":52}}],"line":7}},"s":{"0":1,"1":1,"2":1,"3":1,"4":1,"5":1,"6":1,"7":3,"8":1},"f":{"0":1,"1":1,"2":3,"3":1},"b":{"0":[1,1]},"_coverageSchema":"1a1c01bbd47fc00a2c39e90264f33305004495a9","hash":"22cbf82672f8420207696775435ba2084fbc54e8"}
,"/Users/akenar/Documents/assignments/WeHorseTSAssignment/app/helpers/user-info.tsx": {"path":"/Users/akenar/Documents/assignments/WeHorseTSAssignment/app/helpers/user-info.tsx","statementMap":{"0":{"start":{"line":3,"column":27},"end":{"line":9,"column":1}},"1":{"start":{"line":4,"column":30},"end":{"line":4,"column":36}},"2":{"start":{"line":5,"column":2},"end":{"line":8,"column":4}},"3":{"start":{"line":11,"column":29},"end":{"line":14,"column":1}},"4":{"start":{"line":12,"column":30},"end":{"line":12,"column":36}},"5":{"start":{"line":13,"column":2},"end":{"line":13,"column":65}}},"fnMap":{"0":{"name":"(anonymous_0)","decl":{"start":{"line":3,"column":27},"end":{"line":3,"column":28}},"loc":{"start":{"line":3,"column":56},"end":{"line":9,"column":1}},"line":3},"1":{"name":"(anonymous_1)","decl":{"start":{"line":11,"column":29},"end":{"line":11,"column":30}},"loc":{"start":{"line":11,"column":58},"end":{"line":14,"column":1}},"line":11}},"branchMap":{"0":{"loc":{"start":{"line":6,"column":4},"end":{"line":7,"column":86}},"type":"binary-expr","locations":[{"start":{"line":6,"column":4},"end":{"line":6,"column":21}},{"start":{"line":7,"column":4},"end":{"line":7,"column":86}}],"line":6},"1":{"loc":{"start":{"line":13,"column":9},"end":{"line":13,"column":64}},"type":"binary-expr","locations":[{"start":{"line":13,"column":9},"end":{"line":13,"column":26}},{"start":{"line":13,"column":30},"end":{"line":13,"column":64}}],"line":13}},"s":{"0":1,"1":2,"2":2,"3":1,"4":2,"5":2},"f":{"0":2,"1":2},"b":{"0":[2,1],"1":[2,1]},"_coverageSchema":"1a1c01bbd47fc00a2c39e90264f33305004495a9","hash":"6c132e6f2823821fb12bbd0c52fe581cba1f45a2"}
,"/Users/akenar/Documents/assignments/WeHorseTSAssignment/app/helpers/video-list.tsx": {"path":"/Users/akenar/Documents/assignments/WeHorseTSAssignment/app/helpers/video-list.tsx","statementMap":{"0":{"start":{"line":1,"column":29},"end":{"line":2,"column":61}},"1":{"start":{"line":2,"column":2},"end":{"line":2,"column":61}}},"fnMap":{"0":{"name":"(anonymous_0)","decl":{"start":{"line":1,"column":29},"end":{"line":1,"column":30}},"loc":{"start":{"line":2,"column":2},"end":{"line":2,"column":61}},"line":2}},"branchMap":{},"s":{"0":1,"1":4},"f":{"0":4},"b":{},"_coverageSchema":"1a1c01bbd47fc00a2c39e90264f33305004495a9","hash":"c22f315d4133ea3e582f7b52b4eeb1079173edcd"}
,"/Users/akenar/Documents/assignments/WeHorseTSAssignment/app/mock/mock-data.tsx": {"path":"/Users/akenar/Documents/assignments/WeHorseTSAssignment/app/mock/mock-data.tsx","statementMap":{"0":{"start":{"line":3,"column":26},"end":{"line":33,"column":20}},"1":{"start":{"line":35,"column":44},"end":{"line":55,"column":20}},"2":{"start":{"line":57,"column":28},"end":{"line":64,"column":13}}},"fnMap":{},"branchMap":{},"s":{"0":3,"1":3,"2":3},"f":{},"b":{},"_coverageSchema":"1a1c01bbd47fc00a2c39e90264f33305004495a9","hash":"af2c18d7473ebb032d7723a3325100139dc6c7e0"}
}
